0 verbose cli C:\Program Files\nodejs\node.exe C:\Program Files\nodejs\node_modules\npm\bin\npm-cli.js
1 info using npm@11.6.2
2 info using node@v24.13.0
3 silly config load:file:C:\Program Files\nodejs\node_modules\npm\npmrc
4 silly config load:file:C:\Users\jange\Scripts\pixel-sheriff\apps\web\.npmrc
5 silly config load:file:C:\Users\jange\.npmrc
6 silly config load:file:C:\Users\jange\AppData\Roaming\npm\etc\npmrc
7 verbose title npm ci
8 verbose argv "ci" "--dry-run"
9 verbose logfile logs-max:10 dir:c:\Users\jange\Scripts\pixel-sheriff\.tmp\npm-cache\_logs\2026-03-15T11_15_45_626Z-
10 verbose logfile c:\Users\jange\Scripts\pixel-sheriff\.tmp\npm-cache\_logs\2026-03-15T11_15_45_626Z-debug-0.log
11 silly logfile done cleaning log files
12 silly packumentCache heap:4496293888 maxSize:1124073472 maxEntrySize:562036736
13 silly idealTree buildDeps
14 verbose shrinkwrap failed to load node_modules/.package-lock.json missing from lockfile: node_modules/@next/swc-linux-x64-gnu
15 silly ADD node_modules/yocto-queue
16 silly ADD node_modules/yargs-parser
17 silly ADD node_modules/yargs
18 silly ADD node_modules/yargs/node_modules/strip-ansi
19 silly ADD node_modules/yargs/node_modules/string-width
20 silly ADD node_modules/yargs/node_modules/emoji-regex
21 silly ADD node_modules/yargs/node_modules/ansi-regex
22 silly ADD node_modules/y18n
23 silly ADD node_modules/wrap-ansi-cjs
24 silly ADD node_modules/wrap-ansi-cjs/node_modules/strip-ansi
25 silly ADD node_modules/wrap-ansi-cjs/node_modules/string-width
26 silly ADD node_modules/wrap-ansi-cjs/node_modules/emoji-regex
27 silly ADD node_modules/wrap-ansi-cjs/node_modules/ansi-styles
28 silly ADD node_modules/wrap-ansi-cjs/node_modules/ansi-regex
29 silly ADD node_modules/wrap-ansi
30 silly ADD node_modules/which
31 silly ADD node_modules/v8-to-istanbul
32 silly ADD node_modules/test-exclude
33 silly ADD node_modules/supports-color
34 silly ADD node_modules/strip-ansi-cjs
35 silly ADD node_modules/strip-ansi-cjs/node_modules/ansi-regex
36 silly ADD node_modules/strip-ansi
37 silly ADD node_modules/string-width-cjs
38 silly ADD node_modules/string-width-cjs/node_modules/strip-ansi
39 silly ADD node_modules/string-width-cjs/node_modules/emoji-regex
40 silly ADD node_modules/string-width-cjs/node_modules/ansi-regex
41 silly ADD node_modules/string-width
42 silly ADD node_modules/signal-exit
43 silly ADD node_modules/shebang-regex
44 silly ADD node_modules/shebang-command
45 silly ADD node_modules/semver
46 silly ADD node_modules/require-directory
47 silly ADD node_modules/path-scurry
48 silly ADD node_modules/path-key
49 silly ADD node_modules/path-exists
50 silly ADD node_modules/package-json-from-dist
51 silly ADD node_modules/p-locate
52 silly ADD node_modules/p-limit
53 silly ADD node_modules/minipass
54 silly ADD node_modules/minimatch
55 silly ADD node_modules/make-dir
56 silly ADD node_modules/lru-cache
57 silly ADD node_modules/locate-path
58 silly ADD node_modules/jackspeak
59 silly ADD node_modules/istanbul-reports
60 silly ADD node_modules/istanbul-lib-report
61 silly ADD node_modules/istanbul-lib-coverage
62 silly ADD node_modules/isexe
63 silly ADD node_modules/is-fullwidth-code-point
64 silly ADD node_modules/html-escaper
65 silly ADD node_modules/has-flag
66 silly ADD node_modules/glob
67 silly ADD node_modules/glob/node_modules/minimatch
68 silly ADD node_modules/glob/node_modules/brace-expansion
69 silly ADD node_modules/glob/node_modules/balanced-match
70 silly ADD node_modules/get-caller-file
71 silly ADD node_modules/foreground-child
72 silly ADD node_modules/find-up
73 silly ADD node_modules/escalade
74 silly ADD node_modules/emoji-regex
75 silly ADD node_modules/eastasianwidth
76 silly ADD node_modules/cross-spawn
77 silly ADD node_modules/convert-source-map
78 silly ADD node_modules/color-name
79 silly ADD node_modules/color-convert
80 silly ADD node_modules/cliui
81 silly ADD node_modules/cliui/node_modules/wrap-ansi
82 silly ADD node_modules/cliui/node_modules/strip-ansi
83 silly ADD node_modules/cliui/node_modules/string-width
84 silly ADD node_modules/cliui/node_modules/emoji-regex
85 silly ADD node_modules/cliui/node_modules/ansi-styles
86 silly ADD node_modules/cliui/node_modules/ansi-regex
87 silly ADD node_modules/c8
88 silly ADD node_modules/brace-expansion
89 silly ADD node_modules/balanced-match
90 silly ADD node_modules/ansi-styles
91 silly ADD node_modules/ansi-regex
92 silly ADD node_modules/@types/istanbul-lib-coverage
93 silly ADD node_modules/@pkgjs/parseargs
94 silly ADD node_modules/@next/swc-win32-x64-msvc
95 silly ADD node_modules/@jridgewell/trace-mapping
96 silly ADD node_modules/@jridgewell/sourcemap-codec
97 silly ADD node_modules/@jridgewell/resolve-uri
98 silly ADD node_modules/@istanbuljs/schema
99 silly ADD node_modules/@isaacs/cliui
100 silly ADD node_modules/@bcoe/v8-coverage
101 silly CHANGE node_modules/@playwright/test
102 silly REMOVE node_modules/@next/swc-linux-x64-musl
103 silly CHANGE node_modules/typescript
104 silly REMOVE node_modules/@next/swc-linux-x64-gnu
105 silly CHANGE node_modules/playwright-core
106 silly CHANGE node_modules/playwright
107 silly CHANGE node_modules/next
108 silly CHANGE node_modules/loose-envify
109 silly CHANGE node_modules/nanoid
110 verbose cwd C:\Users\jange\Scripts\pixel-sheriff\apps\web
111 verbose os Windows_NT 10.0.26200
112 verbose node v24.13.0
113 verbose npm  v11.6.2
114 verbose exit 0
115 info ok
